mode: atomic
github.com/nagarajRPoojari/lsm/main.go:19.33,21.2 1 0
github.com/nagarajRPoojari/lsm/main.go:23.13,25.2 1 0
github.com/nagarajRPoojari/lsm/main.go:27.12,53.2 10 0
github.com/nagarajRPoojari/lsm/storage/cache/cache.go:19.72,23.2 1 0
github.com/nagarajRPoojari/lsm/storage/cache/cache.go:25.78,27.12 2 0
github.com/nagarajRPoojari/lsm/storage/cache/cache.go:27.12,29.3 1 0
github.com/nagarajRPoojari/lsm/storage/cache/cache.go:30.2,32.16 3 0
github.com/nagarajRPoojari/lsm/storage/cache/cache.go:32.16,34.3 1 0
github.com/nagarajRPoojari/lsm/storage/cache/cache.go:37.2,40.47 3 0
github.com/nagarajRPoojari/lsm/storage/cache/cache.go:53.72,54.20 1 0
github.com/nagarajRPoojari/lsm/storage/cache/cache.go:54.20,58.7 3 0
github.com/nagarajRPoojari/lsm/storage/cache/cache.go:58.7,61.30 3 0
github.com/nagarajRPoojari/lsm/storage/cache/cache.go:61.30,62.10 1 0
github.com/nagarajRPoojari/lsm/storage/cache/cache.go:64.4,64.18 1 0
github.com/nagarajRPoojari/lsm/storage/cache/cache.go:64.18,67.5 2 0
github.com/nagarajRPoojari/lsm/storage/cache/cache.go:68.4,68.34 1 0
github.com/nagarajRPoojari/lsm/storage/cache/cache.go:70.3,70.22 1 0
github.com/nagarajRPoojari/lsm/storage/cache/cache.go:72.2,72.27 1 0
github.com/nagarajRPoojari/lsm/storage/errors/errors.go:11.28,13.2 1 0
github.com/nagarajRPoojari/lsm/storage/storage.go:51.112,57.27 5 1
github.com/nagarajRPoojari/lsm/storage/storage.go:57.27,66.3 2 0
github.com/nagarajRPoojari/lsm/storage/storage.go:68.2,68.10 1 1
github.com/nagarajRPoojari/lsm/storage/storage.go:71.50,87.2 7 1
github.com/nagarajRPoojari/lsm/storage/storage.go:89.50,91.2 1 1
github.com/nagarajRPoojari/lsm/storage/storage.go:93.57,95.2 1 1
github.com/nagarajRPoojari/lsm/storage/storage.go:111.112,120.2 3 1
github.com/nagarajRPoojari/lsm/storage/storage.go:122.49,124.9 2 1
github.com/nagarajRPoojari/lsm/storage/storage.go:124.9,126.3 1 0
github.com/nagarajRPoojari/lsm/storage/storage.go:127.2,127.34 1 1
github.com/nagarajRPoojari/lsm/storage/storage.go:143.112,151.2 3 1
github.com/nagarajRPoojari/lsm/storage/storage.go:153.56,156.2 2 1
github.com/nagarajRPoojari/lsm/storage/utils/file.go:9.42,11.79 2 0
github.com/nagarajRPoojari/lsm/storage/utils/file.go:11.79,12.17 1 0
github.com/nagarajRPoojari/lsm/storage/utils/file.go:12.17,14.4 1 0
github.com/nagarajRPoojari/lsm/storage/utils/file.go:15.3,15.17 1 0
github.com/nagarajRPoojari/lsm/storage/utils/file.go:15.17,17.18 2 0
github.com/nagarajRPoojari/lsm/storage/utils/file.go:17.18,19.5 1 0
github.com/nagarajRPoojari/lsm/storage/utils/file.go:20.4,20.23 1 0
github.com/nagarajRPoojari/lsm/storage/utils/file.go:22.3,22.13 1 0
github.com/nagarajRPoojari/lsm/storage/utils/file.go:24.2,24.18 1 0
github.com/nagarajRPoojari/lsm/storage/utils/utils.go:10.88,12.26 2 0
github.com/nagarajRPoojari/lsm/storage/utils/utils.go:12.26,13.46 1 0
github.com/nagarajRPoojari/lsm/storage/utils/utils.go:13.46,15.4 1 0
github.com/nagarajRPoojari/lsm/storage/utils/utils.go:17.2,17.12 1 0
github.com/nagarajRPoojari/lsm/storage/utils/log/logger.go:8.13,11.2 2 0
github.com/nagarajRPoojari/lsm/storage/utils/log/logger.go:13.40,15.2 1 0
github.com/nagarajRPoojari/lsm/storage/utils/log/logger.go:17.40,19.2 1 0
github.com/nagarajRPoojari/lsm/storage/utils/log/logger.go:21.41,23.2 1 0
github.com/nagarajRPoojari/lsm/storage/utils/log/logger.go:25.41,27.2 1 0
github.com/nagarajRPoojari/lsm/storage/utils/log/logger.go:28.41,30.2 1 0
github.com/nagarajRPoojari/lsm/storage/utils/log/logger.go:31.16,33.2 1 0
github.com/nagarajRPoojari/lsm/storage/types/types.go:15.38,17.9 2 0
github.com/nagarajRPoojari/lsm/storage/types/types.go:17.9,19.3 1 0
github.com/nagarajRPoojari/lsm/storage/types/types.go:20.2,20.25 1 0
github.com/nagarajRPoojari/lsm/storage/types/types.go:27.41,29.9 2 0
github.com/nagarajRPoojari/lsm/storage/types/types.go:29.9,31.3 1 0
github.com/nagarajRPoojari/lsm/storage/types/types.go:32.2,32.25 1 0
github.com/nagarajRPoojari/lsm/storage/types/types.go:41.38,43.2 1 0
github.com/nagarajRPoojari/lsm/storage/types/types.go:44.39,46.2 1 0
github.com/nagarajRPoojari/lsm/storage/types/types.go:52.36,54.2 1 0
github.com/nagarajRPoojari/lsm/storage/wal/wal.go:47.52,66.2 7 2
github.com/nagarajRPoojari/lsm/storage/wal/wal.go:69.48,71.22 2 1
github.com/nagarajRPoojari/lsm/storage/wal/wal.go:71.22,73.3 1 0
github.com/nagarajRPoojari/lsm/storage/wal/wal.go:75.2,76.16 2 1
github.com/nagarajRPoojari/lsm/storage/wal/wal.go:76.16,78.3 1 0
github.com/nagarajRPoojari/lsm/storage/wal/wal.go:79.2,84.6 4 1
github.com/nagarajRPoojari/lsm/storage/wal/wal.go:84.6,87.29 3 11
github.com/nagarajRPoojari/lsm/storage/wal/wal.go:87.29,88.9 1 1
github.com/nagarajRPoojari/lsm/storage/wal/wal.go:90.3,90.17 1 10
github.com/nagarajRPoojari/lsm/storage/wal/wal.go:90.17,92.4 1 0
github.com/nagarajRPoojari/lsm/storage/wal/wal.go:93.3,93.33 1 10
github.com/nagarajRPoojari/lsm/storage/wal/wal.go:96.2,96.20 1 1
github.com/nagarajRPoojari/lsm/storage/wal/wal.go:99.34,101.2 1 11
github.com/nagarajRPoojari/lsm/storage/wal/wal.go:103.24,107.6 3 2
github.com/nagarajRPoojari/lsm/storage/wal/wal.go:107.6,108.10 1 104
github.com/nagarajRPoojari/lsm/storage/wal/wal.go:109.29,110.18 1 11
github.com/nagarajRPoojari/lsm/storage/wal/wal.go:112.24,113.36 1 91
github.com/nagarajRPoojari/lsm/storage/wal/wal.go:113.37,114.5 0 0
github.com/nagarajRPoojari/lsm/storage/wal/wal.go:116.20,119.10 3 0
github.com/nagarajRPoojari/lsm/storage/wal/wal.go:125.37,129.48 3 11
github.com/nagarajRPoojari/lsm/storage/wal/wal.go:129.48,131.3 1 0
github.com/nagarajRPoojari/lsm/storage/wal/wal.go:135.32,136.49 1 91
github.com/nagarajRPoojari/lsm/storage/wal/wal.go:136.49,138.3 1 0
github.com/nagarajRPoojari/lsm/storage/wal/wal.go:139.2,139.12 1 91
github.com/nagarajRPoojari/lsm/storage/wal/wal.go:142.29,144.2 1 0
github.com/nagarajRPoojari/lsm/storage/wal/wal.go:146.27,149.2 2 0
github.com/nagarajRPoojari/lsm/storage/wal/wal.go:151.26,152.6 1 0
github.com/nagarajRPoojari/lsm/storage/wal/wal.go:152.6,153.10 1 0
github.com/nagarajRPoojari/lsm/storage/wal/wal.go:154.29,155.18 1 0
github.com/nagarajRPoojari/lsm/storage/wal/wal.go:156.11,158.10 2 0
github.com/nagarajRPoojari/lsm/storage/wal/wal.go:164.26,167.2 2 0
github.com/nagarajRPoojari/lsm/storage/io/io.go:19.41,21.2 1 0
github.com/nagarajRPoojari/lsm/storage/io/io.go:23.45,25.2 1 0
github.com/nagarajRPoojari/lsm/storage/io/io.go:27.30,30.2 2 1
github.com/nagarajRPoojari/lsm/storage/io/io.go:36.49,37.46 1 0
github.com/nagarajRPoojari/lsm/storage/io/io.go:37.46,39.3 1 0
github.com/nagarajRPoojari/lsm/storage/io/io.go:41.2,42.12 2 0
github.com/nagarajRPoojari/lsm/storage/io/io.go:45.41,47.2 1 0
github.com/nagarajRPoojari/lsm/storage/io/io.go:49.30,51.2 1 1
github.com/nagarajRPoojari/lsm/storage/io/io.go:53.41,55.16 2 1
github.com/nagarajRPoojari/lsm/storage/io/io.go:55.16,57.3 1 0
github.com/nagarajRPoojari/lsm/storage/io/io.go:60.2,60.15 1 1
github.com/nagarajRPoojari/lsm/storage/io/io.go:71.36,75.2 1 1
github.com/nagarajRPoojari/lsm/storage/io/io.go:80.36,81.17 1 2
github.com/nagarajRPoojari/lsm/storage/io/io.go:81.17,81.54 1 1
github.com/nagarajRPoojari/lsm/storage/io/io.go:82.2,82.23 1 2
github.com/nagarajRPoojari/lsm/storage/io/io.go:85.75,87.16 2 2
github.com/nagarajRPoojari/lsm/storage/io/io.go:87.16,89.3 1 0
github.com/nagarajRPoojari/lsm/storage/io/io.go:91.2,92.16 2 2
github.com/nagarajRPoojari/lsm/storage/io/io.go:92.16,94.3 1 0
github.com/nagarajRPoojari/lsm/storage/io/io.go:97.2,97.38 1 2
github.com/nagarajRPoojari/lsm/storage/io/io.go:97.38,99.3 1 0
github.com/nagarajRPoojari/lsm/storage/io/io.go:101.2,102.16 2 2
github.com/nagarajRPoojari/lsm/storage/io/io.go:102.16,104.3 1 0
github.com/nagarajRPoojari/lsm/storage/io/io.go:106.2,107.24 2 2
github.com/nagarajRPoojari/lsm/storage/io/io.go:110.64,114.22 3 3
github.com/nagarajRPoojari/lsm/storage/io/io.go:114.22,116.3 1 1
github.com/nagarajRPoojari/lsm/storage/io/io.go:118.2,119.9 2 3
github.com/nagarajRPoojari/lsm/storage/io/io.go:119.9,122.3 2 2
github.com/nagarajRPoojari/lsm/storage/io/io.go:123.2,123.13 1 3
github.com/nagarajRPoojari/lsm/storage/io/io.go:136.69,141.52 4 3
github.com/nagarajRPoojari/lsm/storage/io/io.go:141.52,143.3 1 1
github.com/nagarajRPoojari/lsm/storage/io/io.go:144.2,145.16 2 2
github.com/nagarajRPoojari/lsm/storage/io/io.go:145.16,147.3 1 0
github.com/nagarajRPoojari/lsm/storage/io/io.go:148.2,150.20 2 2
github.com/nagarajRPoojari/lsm/storage/io/io.go:155.61,158.47 2 1
github.com/nagarajRPoojari/lsm/storage/io/io.go:158.47,160.3 1 0
github.com/nagarajRPoojari/lsm/storage/io/io.go:162.2,163.16 2 1
github.com/nagarajRPoojari/lsm/storage/io/io.go:163.16,165.3 1 0
github.com/nagarajRPoojari/lsm/storage/io/io.go:167.2,167.29 1 1
github.com/nagarajRPoojari/lsm/storage/io/io.go:172.62,175.47 2 0
github.com/nagarajRPoojari/lsm/storage/io/io.go:175.47,177.3 1 0
github.com/nagarajRPoojari/lsm/storage/io/io.go:179.2,180.16 2 0
github.com/nagarajRPoojari/lsm/storage/io/io.go:180.16,182.3 1 0
github.com/nagarajRPoojari/lsm/storage/io/io.go:184.2,184.29 1 0
github.com/nagarajRPoojari/lsm/storage/io/io.go:189.48,192.2 2 0
github.com/nagarajRPoojari/lsm/storage/io/io.go:196.49,197.40 1 0
github.com/nagarajRPoojari/lsm/storage/io/io.go:197.40,199.3 1 0
github.com/nagarajRPoojari/lsm/storage/io/io.go:200.2,200.12 1 0
github.com/nagarajRPoojari/lsm/storage/metadata/level.go:21.24,23.2 1 9
github.com/nagarajRPoojari/lsm/storage/metadata/level.go:25.33,27.2 1 10
github.com/nagarajRPoojari/lsm/storage/metadata/level.go:29.51,34.2 4 10
github.com/nagarajRPoojari/lsm/storage/metadata/level.go:36.35,40.2 3 0
github.com/nagarajRPoojari/lsm/storage/metadata/level.go:42.46,46.2 3 12
github.com/nagarajRPoojari/lsm/storage/metadata/level.go:48.51,52.33 3 0
github.com/nagarajRPoojari/lsm/storage/metadata/level.go:52.33,54.3 1 0
github.com/nagarajRPoojari/lsm/storage/metadata/level.go:55.2,55.25 1 0
github.com/nagarajRPoojari/lsm/storage/metadata/level.go:61.34,65.24 3 0
github.com/nagarajRPoojari/lsm/storage/metadata/level.go:65.24,68.3 2 0
github.com/nagarajRPoojari/lsm/storage/metadata/level.go:81.31,83.2 1 9
github.com/nagarajRPoojari/lsm/storage/metadata/lsm.go:19.31,23.2 3 7
github.com/nagarajRPoojari/lsm/storage/metadata/lsm.go:25.33,29.2 3 0
github.com/nagarajRPoojari/lsm/storage/metadata/lsm.go:31.47,34.33 3 12
github.com/nagarajRPoojari/lsm/storage/metadata/lsm.go:34.33,36.3 1 2
github.com/nagarajRPoojari/lsm/storage/metadata/lsm.go:37.2,37.25 1 10
github.com/nagarajRPoojari/lsm/storage/metadata/lsm.go:40.32,44.2 3 0
github.com/nagarajRPoojari/lsm/storage/metadata/lsm.go:46.29,50.2 3 0
github.com/nagarajRPoojari/lsm/storage/metadata/lsm.go:62.39,66.2 3 3
github.com/nagarajRPoojari/lsm/storage/metadata/lsm.go:70.35,77.34 2 2
github.com/nagarajRPoojari/lsm/storage/metadata/lsm.go:77.34,79.3 1 2
github.com/nagarajRPoojari/lsm/storage/metadata/lsm.go:81.2,81.12 1 2
github.com/nagarajRPoojari/lsm/storage/metadata/lsm.go:84.36,86.30 2 2
github.com/nagarajRPoojari/lsm/storage/metadata/lsm.go:86.30,89.3 2 0
github.com/nagarajRPoojari/lsm/storage/metadata/lsm.go:90.2,91.29 2 2
github.com/nagarajRPoojari/lsm/storage/metadata/lsm.go:91.29,93.3 1 0
github.com/nagarajRPoojari/lsm/storage/metadata/lsm.go:94.2,97.17 3 2
github.com/nagarajRPoojari/lsm/storage/metadata/lsm.go:100.33,105.2 4 0
github.com/nagarajRPoojari/lsm/storage/metadata/lsm.go:107.35,116.33 4 6
github.com/nagarajRPoojari/lsm/storage/metadata/lsm.go:116.33,118.3 1 6
github.com/nagarajRPoojari/lsm/storage/metadata/lsm.go:120.2,120.13 1 6
github.com/nagarajRPoojari/lsm/storage/metadata/lsm.go:123.38,129.37 5 6
github.com/nagarajRPoojari/lsm/storage/metadata/lsm.go:129.37,132.3 2 40
github.com/nagarajRPoojari/lsm/storage/metadata/lsm.go:134.2,134.13 1 6
github.com/nagarajRPoojari/lsm/storage/metadata/manifest.go:31.60,33.2 1 3
github.com/nagarajRPoojari/lsm/storage/metadata/manifest.go:35.33,38.16 3 3
github.com/nagarajRPoojari/lsm/storage/metadata/manifest.go:38.16,39.25 1 2
github.com/nagarajRPoojari/lsm/storage/metadata/manifest.go:39.25,52.4 9 2
github.com/nagarajRPoojari/lsm/storage/metadata/manifest.go:52.9,54.4 1 0
github.com/nagarajRPoojari/lsm/storage/metadata/manifest.go:58.2,61.12 4 1
github.com/nagarajRPoojari/lsm/storage/metadata/manifest.go:64.52,68.6 3 1
github.com/nagarajRPoojari/lsm/storage/metadata/manifest.go:68.6,69.10 1 4
github.com/nagarajRPoojari/lsm/storage/metadata/manifest.go:70.21,71.14 1 0
github.com/nagarajRPoojari/lsm/storage/metadata/manifest.go:72.19,82.18 5 4
github.com/nagarajRPoojari/lsm/storage/metadata/manifest.go:82.18,84.5 1 0
github.com/nagarajRPoojari/lsm/storage/metadata/manifest.go:86.4,88.14 3 4
github.com/nagarajRPoojari/lsm/storage/metadata/manifest.go:93.48,94.20 1 0
github.com/nagarajRPoojari/lsm/storage/metadata/manifest.go:94.20,96.3 1 0
github.com/nagarajRPoojari/lsm/storage/metadata/manifest.go:98.2,98.105 1 0
github.com/nagarajRPoojari/lsm/storage/metadata/manifest.go:101.50,102.11 1 0
github.com/nagarajRPoojari/lsm/storage/metadata/manifest.go:102.11,104.3 1 0
github.com/nagarajRPoojari/lsm/storage/metadata/manifest.go:106.2,106.76 1 0
github.com/nagarajRPoojari/lsm/storage/metadata/manifest.go:109.34,112.2 1 2
github.com/nagarajRPoojari/lsm/storage/metadata/sst.go:8.58,10.2 1 10
github.com/nagarajRPoojari/lsm/storage/metadata/sst.go:22.61,24.2 1 0
github.com/nagarajRPoojari/lsm/storage/compactor/gc.go:48.156,53.16 4 2
github.com/nagarajRPoojari/lsm/storage/compactor/gc.go:53.16,55.3 1 0
github.com/nagarajRPoojari/lsm/storage/compactor/gc.go:57.2,59.11 2 2
github.com/nagarajRPoojari/lsm/storage/compactor/gc.go:63.31,66.31 3 0
github.com/nagarajRPoojari/lsm/storage/compactor/gc.go:66.31,67.19 1 0
github.com/nagarajRPoojari/lsm/storage/compactor/gc.go:68.24,69.38 1 0
github.com/nagarajRPoojari/lsm/storage/compactor/gc.go:70.23,71.37 1 0
github.com/nagarajRPoojari/lsm/storage/compactor/gc.go:72.22,73.43 1 0
github.com/nagarajRPoojari/lsm/storage/compactor/gc.go:74.21,75.42 1 0
github.com/nagarajRPoojari/lsm/storage/compactor/gc.go:79.2,80.35 2 0
github.com/nagarajRPoojari/lsm/storage/compactor/gc.go:80.35,82.3 1 0
github.com/nagarajRPoojari/lsm/storage/compactor/gc.go:83.2,83.34 1 0
github.com/nagarajRPoojari/lsm/storage/compactor/gc.go:83.34,85.3 1 0
github.com/nagarajRPoojari/lsm/storage/compactor/gc.go:88.45,93.6 3 2
github.com/nagarajRPoojari/lsm/storage/compactor/gc.go:93.6,94.10 1 7
github.com/nagarajRPoojari/lsm/storage/compactor/gc.go:95.21,96.10 1 1
github.com/nagarajRPoojari/lsm/storage/compactor/gc.go:97.19,99.43 1 6
github.com/nagarajRPoojari/lsm/storage/compactor/gc.go:127.125,129.16 2 9
github.com/nagarajRPoojari/lsm/storage/compactor/gc.go:129.16,131.3 1 0
github.com/nagarajRPoojari/lsm/storage/compactor/gc.go:133.2,135.105 2 9
github.com/nagarajRPoojari/lsm/storage/compactor/gc.go:135.105,154.45 10 4
github.com/nagarajRPoojari/lsm/storage/compactor/gc.go:154.45,156.18 2 10
github.com/nagarajRPoojari/lsm/storage/compactor/gc.go:156.18,158.5 1 0
github.com/nagarajRPoojari/lsm/storage/compactor/gc.go:159.4,163.28 4 10
github.com/nagarajRPoojari/lsm/storage/compactor/gc.go:163.28,164.10 1 0
github.com/nagarajRPoojari/lsm/storage/compactor/gc.go:167.4,170.51 3 10
github.com/nagarajRPoojari/lsm/storage/compactor/gc.go:174.3,178.30 3 4
github.com/nagarajRPoojari/lsm/storage/compactor/gc.go:178.30,180.4 1 10
github.com/nagarajRPoojari/lsm/storage/compactor/gc.go:182.3,182.20 1 4
github.com/nagarajRPoojari/lsm/storage/compactor/gc.go:182.20,189.29 4 3584
github.com/nagarajRPoojari/lsm/storage/compactor/gc.go:189.29,191.5 1 3574
github.com/nagarajRPoojari/lsm/storage/compactor/gc.go:192.4,192.14 1 3584
github.com/nagarajRPoojari/lsm/storage/compactor/gc.go:202.3,203.17 2 4
github.com/nagarajRPoojari/lsm/storage/compactor/gc.go:203.17,207.4 2 3
github.com/nagarajRPoojari/lsm/storage/compactor/gc.go:209.3,218.17 8 4
github.com/nagarajRPoojari/lsm/storage/compactor/gc.go:218.17,220.4 1 0
github.com/nagarajRPoojari/lsm/storage/compactor/gc.go:221.3,239.37 6 3
github.com/nagarajRPoojari/lsm/storage/compactor/gc.go:239.37,241.47 2 7
github.com/nagarajRPoojari/lsm/storage/compactor/gc.go:241.47,243.5 1 0
github.com/nagarajRPoojari/lsm/storage/compactor/gc.go:244.4,244.54 1 7
github.com/nagarajRPoojari/lsm/storage/compactor/gc.go:248.3,248.29 1 3
github.com/nagarajRPoojari/lsm/storage/compactor/gc.go:250.8,252.3 1 5
github.com/nagarajRPoojari/lsm/storage/compactor/heap.go:17.38,19.2 1 7168
github.com/nagarajRPoojari/lsm/storage/compactor/heap.go:21.48,23.2 1 3839
github.com/nagarajRPoojari/lsm/storage/compactor/heap.go:25.43,27.2 1 6139
github.com/nagarajRPoojari/lsm/storage/compactor/heap.go:29.40,32.2 2 3584
github.com/nagarajRPoojari/lsm/storage/compactor/heap.go:34.38,39.2 4 3584
